<?xml version="1.0" encoding="UTF-8"?>
<!-- Generated by org.testng.reporters.JUnitXMLReporter -->
<testsuite ignored="0" hostname="DESKTOP-P6MK8TL" failures="1" tests="3" name="Test1" time="13.758" errors="0" timestamp="2023-01-22T11:55:45 IST">
  <testcase classname="foods.TC_Foods_7" name="meghanaFoods" time="4.815"/>
  <testcase classname="foods.TC_Foods_6" name="meghanaFoods" time="0.001">
    <failure type="java.lang.ArithmeticException" message="/ by zero">
      <![CDATA[java.lang.ArithmeticException: / by zero
at foods.TC_Foods_6.meghanaFoods(TC_Foods_6.java:10)
at java.base/java.util.ArrayList.forEach(ArrayList.java:1511)
at java.base/java.util.concurrent.FutureTask.run(FutureTask.java:264)
at java.base/java.util.concurrent.ThreadPoolExecutor.runWorker(ThreadPoolExecutor.java:1136)
at java.base/java.util.concurrent.ThreadPoolExecutor$Worker.run(ThreadPoolExecutor.java:635)
at java.base/java.lang.Thread.run(Thread.java:833)
... Removed 18 stack frames]]>
    </failure>
  </testcase> <!-- meghanaFoods -->
  <testcase classname="foods.TC_Foods_5" name="meghanaFoods" time="8.888"/>
</testsuite> <!-- Test1 -->
